0.003 88
601.024 350
1202.143 536
1803.262 630
2404.588 684
3005.838 747
3607.206 771
4208.421 790
4809.723 797
5410.945 816
6012.856 818
6614.685 835
7216.447 826
7818.140 831
8419.748 820
9021.538 818
9622.928 813
10224.175 816
10825.499 818
11426.867 819
12028.270 823
12629.543 827
13230.831 815
13832.852 832
14435.080 840
15036.979 840
15638.414 835
16239.853 829
16841.605 834
17443.084 820
18044.451 821
18645.820 836
19247.714 821
19849.474 825
20451.679 818
21053.396 813
21654.851 813
22256.192 813
22857.661 815
23459.860 811
24061.712 818
24663.706 815
25265.709 810
25867.157 830
26468.572 830
27069.993 830
27671.882 822
28273.628 819
28875.702 805
29477.724 801
30079.035 794
30680.416 803
31281.813 802
31883.695 813
32485.732 820
33087.449 807
33689.255 820
34290.702 812
34892.050 826
35493.974 825
36095.460 826
36697.912 819
37299.195 826
37900.873 816
38503.020 826
39104.815 821
39706.717 825
40308.128 815
40910.117 811
41511.924 825
42114.057 832
42715.919 817
43317.754 819
43919.097 736
44521.013 574
45122.922 385
45724.559 185
46326.296 0
