0.003 60
601.014 372
1203.952 587
1805.155 698
2406.530 776
3009.479 825
3610.827 860
4212.123 881
4813.489 888
5414.927 891
6016.309 899
6618.640 914
7219.974 908
7822.173 908
8423.546 913
9024.927 905
9626.802 919
10228.151 912
10829.572 906
11432.050 905
12033.299 916
12634.746 921
13237.240 916
13838.876 918
14441.877 921
15043.328 908
15644.708 914
16246.649 905
16848.119 914
17449.562 918
18051.335 913
18652.805 919
19254.281 924
19856.406 916
20457.828 910
21060.143 918
21661.531 908
22262.980 904
22864.921 906
23466.684 912
24068.083 912
24669.876 910
25271.527 907
25872.966 913
26474.474 923
27076.420 919
27677.953 906
28279.384 903
28880.811 904
29482.135 909
30083.441 902
30685.659 897
31287.153 910
31889.298 900
32490.725 910
33092.194 911
33695.516 919
34296.905 914
34898.199 917
35500.076 915
36101.468 921
36702.878 921
37304.846 908
37906.340 899
38508.158 908
39110.002 902
39711.362 902
40315.020 901
40916.496 913
41517.847 915
42119.765 918
42721.254 920
43322.722 916
43924.670 862
44526.381 707
45127.951 550
45729.610 385
46331.183 192
46932.622 0
