0.003 63
601.560 321
1202.891 492
1804.478 582
2406.478 639
3007.604 700
3609.310 743
4210.917 755
4812.539 756
5413.749 768
6015.587 784
6617.206 783
7218.454 768
7820.368 777
8422.382 774
9023.810 758
9626.753 766
10228.778 767
10830.189 770
11431.742 777
12033.430 779
12634.765 777
13236.909 786
13838.735 788
14440.454 784
15041.973 784
15643.646 776
16244.965 768
16846.937 777
17448.569 764
18050.341 774
18652.172 778
19253.690 786
19855.623 769
20457.168 772
21058.802 762
21660.528 774
22261.792 773
22863.715 779
23464.992 779
24066.747 781
24668.426 781
25270.060 788
25871.927 792
26473.860 777
27075.480 781
27677.364 788
28278.936 776
28881.021 786
29482.717 786
30084.026 785
30685.669 784
31287.362 775
31889.304 771
32491.105 790
33092.330 795
33694.079 775
34295.835 777
34897.537 777
35498.958 777
36100.842 775
36702.136 765
37304.225 767
37905.495 769
38507.258 773
39109.035 775
39710.526 790
40312.196 786
40913.507 791
41515.265 800
42117.061 807
42718.886 786
43320.183 787
43921.908 730
44523.408 557
45124.975 364
45726.748 155
46328.191 0
