0.003 69
600.969 402
1202.187 631
1803.285 749
2405.963 831
3007.228 886
3610.052 915
4211.450 925
4812.819 939
5414.271 948
6015.677 954
6617.129 959
7218.438 964
7819.830 969
8421.274 967
9023.923 975
9625.379 972
10226.864 967
10828.320 975
11430.025 969
12032.162 967
12634.063 903
13241.108 858
13842.931 862
14448.767 856
15050.502 862
15652.144 881
16254.043 900
16855.704 915
17457.192 919
18059.002 931
18660.704 938
19262.755 941
19864.639 945
20466.354 951
21068.188 946
21669.971 947
22271.929 951
22873.413 953
23474.887 963
24076.438 963
24678.003 965
25279.567 925
25881.774 899
26483.500 886
27088.389 883
27691.362 890
28292.918 905
28895.252 910
29496.773 920
30099.032 922
30700.519 933
31301.994 934
31903.463 944
32505.012 959
33109.274 965
33710.808 969
34312.950 963
34914.440 968
35516.193 963
36117.704 958
36719.270 966
37320.802 957
37922.318 926
38524.382 917
39125.884 908
39727.322 890
40329.095 869
40932.773 872
41534.225 896
42137.170 904
42739.213 901
43340.704 910
43942.567 853
44544.739 701
45146.469 544
45748.296 377
46349.975 195
46951.383 0
