0.003 51
601.239 295
1202.223 459
1803.388 548
2405.014 608
3006.590 664
3608.393 700
4210.250 728
4812.201 727
5413.837 736
6015.717 740
6617.028 751
7219.051 745
7821.047 764
8422.958 761
9024.726 752
9625.936 741
10227.707 745
10829.392 756
11430.774 758
12032.034 767
12633.393 766
13235.051 779
13836.853 768
14438.888 772
15041.403 751
15643.085 755
16244.961 750
16846.759 760
17448.584 747
18050.361 749
18652.129 754
19253.413 762
19855.198 741
20456.858 750
21058.287 751
21659.526 761
22261.097 776
22862.933 770
23464.260 765
24065.933 760
24667.570 754
25269.550 750
25871.352 759
26473.050 740
27074.349 743
27676.061 740
28277.875 734
28879.584 742
29480.919 743
30082.264 736
30684.178 726
31286.326 733
31888.209 740
32489.895 740
33091.612 760
33693.170 754
34295.113 744
34897.154 743
35498.429 736
36100.325 732
36701.843 735
37303.716 732
37905.026 741
38506.320 739
39107.944 731
39709.791 741
40311.576 727
40913.240 728
41515.034 749
42116.346 748
42718.232 742
43320.425 748
43922.094 666
44523.710 481
45125.133 279
45726.240 61
46327.578 0
