0.015 29
601.773 293
1203.462 483
1804.990 603
2406.883 688
3008.008 777
3609.874 814
4211.206 856
4813.200 869
5415.378 878
6017.298 896
6619.056 906
7220.480 910
7823.489 914
8427.403 928
9029.852 927
9632.054 930
10234.105 928
10837.675 929
11439.107 929
12041.329 942
12643.229 917
13246.022 920
13847.377 932
14449.301 940
15052.021 942
15654.546 950
16256.512 931
16858.782 948
17460.304 937
18066.212 922
18669.484 914
19271.492 917
19876.746 915
20479.792 905
21082.626 910
21685.638 908
22289.915 912
22892.465 928
23496.716 915
24099.703 920
24703.145 909
25305.548 899
25907.642 913
26510.532 914
27113.155 923
27716.936 927
28322.905 914
28927.830 926
29531.200 919
30132.985 911
30737.387 913
31342.346 917
31945.848 910
32548.501 916
33152.700 919
33758.054 921
34361.020 927
34963.407 918
35565.394 917
36166.856 941
36772.781 934
37374.949 918
37981.593 912
38587.100 900
39190.578 905
39792.963 904
40397.013 902
40998.667 899
41602.378 901
42204.397 891
42808.784 899
43412.647 915
44014.846 925
44616.620 906
45218.447 911
45819.754 755
46421.861 599
47023.575 441
47625.225 274
48226.987 80
48828.753 0
