0.016 21
600.960 269
1202.031 450
1803.142 568
2404.522 652
3006.776 718
3608.173 769
4209.748 816
4811.244 828
5412.895 849
6015.055 852
6616.218 869
7217.544 878
7818.895 894
8420.568 906
9022.867 902
9624.773 899
10226.754 887
10828.550 897
11431.586 901
12033.361 905
12634.822 899
13236.656 898
13838.685 916
14440.235 928
15041.700 921
15643.629 905
16245.419 909
16847.020 912
17448.860 916
18050.921 916
18652.803 910
19254.560 920
19856.332 908
20458.037 917
21060.030 911
21661.727 925
22263.841 926
22865.251 924
23466.964 914
24068.841 920
24670.592 907
25272.687 920
25874.224 915
26475.842 916
27077.496 907
27679.290 915
28281.222 898
28882.834 907
29484.645 920
30086.450 916
30688.353 911
31290.120 900
31891.739 909
32493.561 923
33095.140 918
33697.011 922
34299.073 908
34900.896 911
35502.685 903
36104.557 912
36705.931 901
37307.489 902
37908.959 900
38510.831 904
39112.416 906
39714.230 905
40315.683 908
40917.347 915
41519.111 911
42120.453 906
42723.370 912
43325.232 900
43926.964 854
44528.620 690
45130.600 515
45732.265 342
46334.035 141
46935.483 0
