0.012 28
600.902 291
1202.390 473
1803.421 590
2405.016 680
3006.428 755
3607.577 807
4209.256 837
4810.778 857
5412.548 870
6013.948 885
6615.583 882
7216.940 906
7818.762 913
8420.448 913
9021.883 914
9624.025 917
10225.444 918
10827.060 938
11428.682 932
12030.457 947
12632.398 931
13235.810 925
13837.262 932
14439.088 931
15041.116 918
15642.748 917
16244.416 923
16846.528 927
17448.163 916
18049.567 918
18650.933 921
19252.471 913
19854.678 911
20455.994 914
21057.715 919
21659.399 924
22260.785 927
22862.272 930
23463.697 936
24065.442 918
24667.311 916
25268.747 925
25870.629 919
26472.090 910
27073.779 915
27675.451 924
28277.182 924
28878.747 908
29480.456 911
30082.444 904
30684.694 902
31286.692 899
31888.117 915
32489.797 920
33091.501 917
33693.347 918
34294.930 918
34896.349 919
35498.209 916
36100.275 914
36701.973 908
37304.014 915
37905.998 899
38507.879 913
39109.916 911
39711.393 913
40312.767 913
40914.581 911
41516.186 913
42117.440 925
42719.768 929
43321.228 914
43922.953 867
44524.869 699
45126.517 539
45728.080 373
46329.433 182
46930.757 0
