0.009 21
601.433 271
1202.470 445
1804.071 566
2405.599 651
3007.208 710
3608.789 763
4210.071 809
4811.812 826
5413.396 837
6014.699 847
6616.457 848
7217.690 863
7819.530 881
8421.032 882
9022.908 885
9625.617 889
10227.037 893
10828.587 897
11430.331 904
12032.291 913
12633.903 904
13235.728 895
13837.455 894
14439.348 893
15041.193 899
15642.783 905
16244.444 895
16845.888 906
17447.449 902
18049.194 906
18650.921 900
19252.591 915
19854.056 904
20455.650 899
21057.080 894
21658.871 904
22260.452 912
22862.359 921
23464.126 906
24065.893 905
24667.230 898
25269.030 905
25870.419 895
26471.877 892
27073.595 906
27675.577 903
28277.268 898
28879.439 906
29480.902 909
30082.713 905
30684.260 898
31286.142 887
31888.141 893
32489.566 902
33091.494 906
33693.479 900
34294.904 889
34896.320 900
35498.099 900
36099.884 897
36701.388 892
37303.789 897
37905.625 891
38507.598 875
39109.466 880
39711.141 885
40312.539 907
40914.210 904
41515.532 905
42117.148 903
42719.190 899
43321.079 901
43922.518 851
44524.099 674
45125.884 501
45727.760 322
46329.436 118
46930.669 0
