57000.000000     0            14680002048  1048576 1  338712 338712 
101000.000000    0            14680002048  1048576 0  296913 296913 
167000.000000    0            14680002048  1048576 0  233038 233038 
250000.000000    0            14680002048  1048576 0  152162 152162 
288000.000000    0            201318801920 1048576 1  167902 167902 
293000.000000    0            201318801920 1048576 0  179294 179294 
319000.000000    0            201318801920 1048576 0  155457 155457 
355000.000000    0            201318801920 1048576 0  121583 121583 
434000.000000    0            14680002048  1048576 0  44700 44701 
531000.000000    0            201318801920 1048576 0  2305 2305 
600000.000000    0            916228096    1048576 1  118318 118318 
639000.000000    0            201318801920 1048576 0  81532 81532 
673000.000000    0            201318801920 1048576 0  49658 49658 
709000.000000    0            14680002048  1048576 0  15776 15776 
765000.000000    0            57014043136  1048576 1  44416 44416 
809000.000000    0            14680002048  1048576 0  2612 2612 
853000.000000    0            14680002048  1048576 0  2249 2249 
931000.000000    0            201318801920 1048576 0  2243 2244 
949000.000000    0            916228096    1048576 0  2224 2225 
987000.000000    0            57014043136  1048576 0  19405 19405 
1074000.000000   0            7044492800   1048576 1  109462 109463 
1081000.000000   0            57014043136  1048576 0  104665 104666 
1177000.000000   0            201318801920 1048576 0  10790 10790 
1178000.000000   0            57014043136  1048576 0  11908 11908 
1197000.000000   0            129738385408 1048576 1  36597 36597 
1199000.000000   0            129738385408 1048576 0  50517 50517 
1290000.000000   0            129738385408 1048576 0  2237 2238 
1385000.000000   0            201318801920 1048576 0  2214 2214 
1439000.000000   0            201318801920 1048576 0  2245 2245 
1534000.000000   0            129738385408 1048576 0  2201 2201 
1547000.000000   0            14450011648  1048576 1  104574 104574 
1556000.000000   0            14450011648  1048576 0  97791 97791 
1617000.000000   0            57014043136  1048576 0  38917 38917 
1695000.000000   0            129738385408 1048576 0  2223 2223 
1774000.000000   0            135068773888 1048576 1  43982 43986 
1810000.000000   0            135068773888 1048576 0  33854 33855 
1815000.000000   0            14680002048  1048576 0  31421 31421 
1887000.000000   0            7044492800   1048576 0  2539 2539 
1916000.000000   0            129738385408 1048576 0  2565 2566 
1988000.000000   0            129738385408 1048576 0  2320 2320 
2070000.000000   0            3608721920   1048576 1  98584 98584 
2073000.000000   0            14680002048  1048576 0  97806 97806 
2131000.000000   0            14450011648  1048576 0  42241 42241 
2227000.000000   0            129738385408 1048576 0  2312 2312 
2326000.000000   0            39534480384  1048576 1  36081 36081 
2343000.000000   0            201318801920 1048576 0  21513 21514 
2407000.000000   0            39534480384  1048576 0  21542 21543 
2472000.000000   0            3608721920   1048576 0  2599 2600 
2510000.000000   0            14680002048  1048576 0  2367 2367 
2595000.000000   0            129738385408 1048576 0  2314 2314 
2616000.000000   0            3783494144   1048576 1  109260 109260 
2640000.000000   0            14680002048  1048576 0  87509 87510 
2705000.000000   0            201318801920 1048576 0  24728 24728 
2756000.000000   0            129738385408 1048576 0  2305 2305 
2852000.000000   0            213699545600 1048576 1  44155 44155 
2870000.000000   0            3608721920   1048576 0  28368 28368 
2948000.000000   0            3608721920   1048576 0  2329 2329 
2961000.000000   0            916228096    1048576 0  2549 2549 
3060000.000000   0            129738385408 1048576 0  2317 2317 
3132000.000000   0            39534480384  1048576 0  2348 2348 
3141000.000000   0            12398472192  1048576 1  118339 118339 
3171000.000000   0            3608721920   1048576 0  90606 90606 
3195000.000000   0            3608721920   1048576 0  68817 68817 
3280000.000000   0            39534480384  1048576 0  2309 2309 
3343000.000000   0            143027267072 1048576 1  37100 37101 
3414000.000000   0            3783494144   1048576 0  2518 2519 
3495000.000000   0            7044492800   1048576 0  2326 2327 
3583000.000000   0            57014043136  1048576 0  2527 2527 
3659000.000000   0            143027267072 1048576 0  18378 18379 
3694000.000000   0            916228096    1048576 0  2367 2367 
3776000.000000   0            2674682368   1048576 1  103457 103457 
3850000.000000   0            2674682368   1048576 0  31909 31910 
3856000.000000   0            7044492800   1048576 0  28131 28132 
3940000.000000   0            213699545600 1048576 0  26029 26029 
4001000.000000   0            215233003008 1048576 1  33658 33658 
4054000.000000   0            39534480384  1048576 0  2299 2299 
4092000.000000   0            143027267072 1048576 0  2308 2308 
4129000.000000   0            201318801920 1048576 0  2305 2305 
4185000.000000   0            916228096    1048576 0  2351 2351 
4240000.000000   0            14680002048  1048576 0  2309 2309 
4256000.000000   0            9991228416   1048576 1  120556 120556 
4313000.000000   0            213699545600 1048576 0  65825 65826 
4392000.000000   0            143027267072 1048576 0  2289 2289 
4468000.000000   0            39534480384  1048576 0  2313 2313 
4495000.000000   0            64385363456  1048576 1  44030 44030 
4572000.000000   0            7044492800   1048576 0  2308 2308 
4652000.000000   0            9991228416   1048576 0  2543 2543 
4682000.000000   0            201318801920 1048576 0  2362 2362 
4745000.000000   0            201318801920 1048576 0  21681 21681 
4751000.000000   0            215233003008 1048576 0  32438 32438 
4790000.000000   0            5525002752   1048576 1  67476 67476 
4855000.000000   0            5525002752   1048576 0  4934 4934 
4878000.000000   0            39534480384  1048576 0  2308 2308 
4963000.000000   0            2674682368   1048576 0  2320 2320 
4984000.000000   0            153962262528 1048576 1  18763 18763 
5018000.000000   0            64385363456  1048576 0  18604 18604 
5097000.000000   0            153962262528 1048576 0  22637 22637 
5144000.000000   0            153962262528 1048576 0  2421 2422 
5163000.000000   0            3783494144   1048576 0  2319 2319 
5202000.000000   0            2674682368   1048576 0  2299 2299 
5212000.000000   0            6172426240   1048576 1  33275 33275 
5259000.000000   0            3608721920   1048576 0  2297 2297 
5357000.000000   0            14450011648  1048576 0  2320 2321 
5449000.000000   0            213699545600 1048576 0  2317 2317 
5460000.000000   0            81789721088  1048576 1  16696 16696 
5529000.000000   0            213699545600 1048576 0  2314 2314 
5574000.000000   0            14450011648  1048576 0  2322 2323 
5643000.000000   0            5525002752   1048576 0  2359 2360 
5705000.000000   0            3783494144   1048576 0  2315 2316 
5774000.000000   0            14680002048  1048576 0  2543 2547 
5783000.000000   0            1417497088   1048576 1  45339 45339 
5790000.000000   0            3608721920   1048576 0  40579 40579 
5829000.000000   0            12398472192  1048576 0  4008 4008 
5901000.000000   0            129738385408 1048576 0  34267 34268 
5942000.000000   0            246609991168 1048576 1  18643 18643 
6040000.000000   0            129738385408 1048576 0  2316 2316 
6118000.000000   0            39534480384  1048576 0  2322 2322 
6165000.000000   0            201318801920 1048576 0  2358 2358 
6195000.000000   0            57014043136  1048576 0  2300 2300 
6293000.000000   0            3608721920   1048576 0  2309 2309 
6308000.000000   0            3408620032   1048576 1  40082 40082 
6401000.000000   0            14680002048  1048576 0  2338 2338 
6459000.000000   0            64385363456  1048576 0  2320 2321 
6498000.000000   0            7044492800   1048576 0  2307 2307 
6598000.000000   0            253980951040 1048576 1  17149 17149 
6668000.000000   0            12398472192  1048576 0  2317 2317 
6753000.000000   0            253980951040 1048576 0  19125 19125 
6802000.000000   0            3783494144   1048576 0  2373 2373 
6868000.000000   0            135068773888 1048576 0  2330 2331 
6897000.000000   0            3783494144   1048576 0  2308 2308 
6906000.000000   0            14061232128  1048576 1  27949 27949 
6958000.000000   0            153962262528 1048576 0  2304 2305 
7043000.000000   0            57014043136  1048576 0  2328 2329 
7085000.000000   0            246609991168 1048576 0  25945 25945 
7122000.000000   0            137610717184 1048576 1  17648 17648 
7139000.000000   0            39534480384  1048576 0  2892 2892 
7141000.000000   0            143027267072 1048576 0  3111 3111 
7183000.000000   0            14680002048  1048576 0  2310 2311 
7263000.000000   0            14680002048  1048576 0  2291 2291 
7353000.000000   0            39534480384  1048576 0  2307 2307 
7414000.000000   0            12456550400  1048576 1  26362 26363 
7455000.000000   0            137610717184 1048576 0  31839 31839 
7524000.000000   0            81789721088  1048576 0  26097 26097 
7540000.000000   0            9991228416   1048576 0  12496 12496 
7640000.000000   0            40997213696  1048576 1  13754 13755 
7667000.000000   0            14450011648  1048576 0  2293 2293 
7735000.000000   0            253980951040 1048576 0  2323 2323 
7745000.000000   0            213699545600 1048576 0  2286 2286 
7828000.000000   0            81789721088  1048576 0  2362 2363 
7848000.000000   0            14061232128  1048576 0  2504 2504 
7938000.000000   0            9539780608   1048576 1  23471 23471 
7994000.000000   0            3408620032   1048576 0  2546 2546 
8016000.000000   0            253980951040 1048576 0  2319 2319 
8101000.000000   0            9539780608   1048576 0  2524 2524 
8144000.000000   0            215276445184 1048576 1  23764 23764 
8152000.000000   0            215276445184 1048576 0  32270 32270 
8179000.000000   0            12398472192  1048576 0  7676 7676 
8274000.000000   0            40997213696  1048576 0  18296 18296 
8282000.000000   0            153962262528 1048576 0  12689 12689 
8337000.000000   0            9991228416   1048576 0  2329 2329 
8350000.000000   0            4561945600   1048576 1  38851 38851 
8393000.000000   0            12456550400  1048576 0  2547 2547 
8490000.000000   0            253980951040 1048576 0  2387 2387 
8492000.000000   0            135068773888 1048576 0  2607 2607 
8571000.000000   0            98278965760  1048576 1  30548 30548 
8583000.000000   0            9991228416   1048576 0  20762 20762 
8609000.000000   0            213699545600 1048576 0  2294 2294 
8655000.000000   0            3408620032   1048576 0  2318 2318 
8736000.000000   0            14450011648  1048576 0  2306 2306 
8777000.000000   0            40997213696  1048576 0  2302 2302 
8858000.000000   0            12770960896  1048576 1  45346 45347 
8868000.000000   0            3783494144   1048576 0  37525 37525 
8934000.000000   0            143027267072 1048576 0  2319 2319 
8953000.000000   0            7044492800   1048576 0  2291 2291 
8965000.000000   0            106113918976 1048576 1  20162 20162 
9048000.000000   0            57014043136  1048576 0  2302 2302 
9093000.000000   0            1417497088   1048576 0  2536 2536 
9124000.000000   0            916228096    1048576 0  2315 2315 
9139000.000000   0            14450011648  1048576 0  2301 2301 
9184000.000000   0            12398472192  1048576 0  2304 2304 
9214000.000000   0            12595994112  1048576 1  39096 39096 
9262000.000000   0            215276445184 1048576 0  2303 2303 
9340000.000000   0            81789721088  1048576 0  2325 2325 
9411000.000000   0            9539780608   1048576 0  2317 2317 
9445000.000000   0            26112774144  1048576 1  24502 24503 
9475000.000000   0            9991228416   1048576 0  2292 2292 
9515000.000000   0            3783494144   1048576 0  2344 2345 
9517000.000000   0            3408620032   1048576 0  2555 2555 
9521000.000000   0            916228096    1048576 0  2275 2275 
9616000.000000   0            7044492800   1048576 0  2310 2310 
9703000.000000   0            4599739392   1048576 1  32978 32979 
9798000.000000   0            4599739392   1048576 0  2687 2693 
9868000.000000   0            215233003008 1048576 0  2308 2308 
9876000.000000   0            12595994112  1048576 0  2488 2488 
9901000.000000   0            235723834880 1048576 1  22373 22373 
9934000.000000   0            1417497088   1048576 0  2287 2287 
10001000.000000  0            246609991168 1048576 0  2328 2328 
10016000.000000  0            4599739392   1048576 0  2297 2298 
10113000.000000  0            12595994112  1048576 0  2313 2313 
10176000.000000  0            12595994112  1048576 0  2295 2295 
10208000.000000  0            2675287040   1048576 1  53642 53642 
10241000.000000  0            12398472192  1048576 0  22889 22890 
10250000.000000  0            215233003008 1048576 0  16107 16109 
10319000.000000  0            57014043136  1048576 0  18701 18702 
10365000.000000  0            190195284992 1048576 1  22219 22219 
10420000.000000  0            81789721088  1048576 0  2304 2304 
10451000.000000  0            9991228416   1048576 0  2322 2323 
10526000.000000  0            137610717184 1048576 0  2293 2293 
10550000.000000  0            5525002752   1048576 0  2298 2298 
10565000.000000  0            12595994112  1048576 0  2287 2287 
10579000.000000  0            14378417664  1048576 1  32283 32284 
10673000.000000  0            14378417664  1048576 0  2558 2559 
10771000.000000  0            916228096    1048576 0  2336 2336 
10865000.000000  0            6172426240   1048576 0  2533 2533 
10951000.000000  0            101689708544 1048576 1  20572 20572 
11048000.000000  0            26112774144  1048576 0  22937 22937 
11058000.000000  0            213699545600 1048576 0  15318 15318 
11128000.000000  0            26112774144  1048576 0  2301 2301 
11216000.000000  0            98278965760  1048576 0  20824 20824 
11249000.000000  0            213699545600 1048576 0  2364 2364 
11262000.000000  0            314445824    1048576 1  26155 26155 
11344000.000000  0            215276445184 1048576 0  2313 2313 
11389000.000000  0            215276445184 1048576 0  2322 2322 
11449000.000000  0            64385363456  1048576 0  2317 2318 
11508000.000000  0            97868932096  1048576 1  17747 17747 
11541000.000000  0            6172426240   1048576 0  2313 2313 
11602000.000000  0            215276445184 1048576 0  2318 2319 
11617000.000000  0            137610717184 1048576 0  2296 2297 
11691000.000000  0            12456550400  1048576 0  2361 2361 
11716000.000000  0            101689708544 1048576 0  24554 24554 
11786000.000000  0            7937981952   1048576 1  33932 33932 
11880000.000000  0            97868932096  1048576 0  23420 23420 
11935000.000000  0            916228096    1048576 0  2369 2369 
11960000.000000  0            3608721920   1048576 0  2314 2315 
12018000.000000  0            206420599808 1048576 1  22157 22157 
12096000.000000  0            153962262528 1048576 0  2305 2305 
12120000.000000  0            14378417664  1048576 0  2302 2302 
12212000.000000  0            3608721920   1048576 0  2366 2366 
12264000.000000  0            2674682368   1048576 0  19077 19077 
12344000.000000  0            206420599808 1048576 0  23326 23326 
12437000.000000  0            6199938048   1048576 1  42466 42466 
12496000.000000  0            3408620032   1048576 0  2328 2328 
12543000.000000  0            57014043136  1048576 0  2401 2401 
12596000.000000  0            101689708544 1048576 0  2390 2390 
12607000.000000  0            202710712320 1048576 1  17471 17472 
12608000.000000  0            97868932096  1048576 0  18686 18686 
12670000.000000  0            12456550400  1048576 0  2316 2317 
12690000.000000  0            253980951040 1048576 0  2351 2351 
12753000.000000  0            1417497088   1048576 0  2385 2385 
12801000.000000  0            135068773888 1048576 0  2382 2383 
12830000.000000  0            15910675968  1048576 1  63516 63516 
12870000.000000  0            916228096    1048576 0  25763 25763 
12916000.000000  0            3783494144   1048576 0  2387 2388 
12925000.000000  0            2675287040   1048576 0  2319 2319 
12939000.000000  0            109552453120 1048576 1  18914 18914 
13009000.000000  0            9539780608   1048576 0  2301 2301 
13107000.000000  0            202710712320 1048576 0  73676 73677 
13136000.000000  0            106113918976 1048576 0  69775 69775 
13230000.000000  0            143027267072 1048576 0  2374 2375 
13309000.000000  0            135068773888 1048576 0  2329 2329 
13350000.000000  0            7094373888   1048576 1  37819 37819 
13431000.000000  0            12770960896  1048576 0  2519 2520 
13448000.000000  0            39534480384  1048576 0  2306 2306 
13547000.000000  0            39534480384  1048576 0  2310 2310 
13553000.000000  0            139659189248 1048576 1  19271 19271 
13582000.000000  0            202710712320 1048576 0  2287 2287 
13629000.000000  0            190195284992 1048576 0  25654 25654 
13653000.000000  0            129738385408 1048576 0  4065 4065 
13744000.000000  0            14378417664  1048576 0  2332 2332 
13842000.000000  0            137610717184 1048576 0  2321 2321 
13846000.000000  0            6605473792   1048576 1  29421 29421 
13932000.000000  0            3408620032   1048576 0  2318 2319 
14018000.000000  0            40997213696  1048576 0  2309 2309 
14029000.000000  0            6605473792   1048576 0  2491 2491 
14064000.000000  0            206005338112 1048576 1  32374 32374 
14124000.000000  0            12770960896  1048576 0  2282 2282 
14220000.000000  0            206005338112 1048576 0  23312 23312 
14295000.000000  0            201318801920 1048576 0  2382 2382 
14366000.000000  0            314445824    1048576 0  2537 2537 
14399000.000000  0            206005338112 1048576 0  2502 2502 
14400000.000000  0            11741059072  1048576 1  31014 31014 
14471000.000000  0            2674682368   1048576 0  2333 2333 
14567000.000000  0            6172426240   1048576 0  2318 2318 
14622000.000000  0            190195284992 1048576 0  2304 2304 
14694000.000000  0            190322951680 1048576 1  16770 16770 
14782000.000000  0            6199938048   1048576 0  2502 2502 
14805000.000000  0            201318801920 1048576 0  2313 2313 
14857000.000000  0            6605473792   1048576 0  2356 2356 
14907000.000000  0            6605473792   1048576 0  2307 2307 
14967000.000000  0            7937981952   1048576 0  2527 2528 
14972000.000000  0            11377114624  1048576 1  39459 39459 
15021000.000000  0            9991228416   1048576 0  2612 2612 
15074000.000000  0            1417497088   1048576 0  2336 2336 
15142000.000000  0            26112774144  1048576 0  2373 2373 
15182000.000000  0            237147190784 1048576 1  23167 23167 
15248000.000000  0            14450011648  1048576 0  2311 2311 
15332000.000000  0            190195284992 1048576 0  2370 2370 
15409000.000000  0            129738385408 1048576 0  2313 2313 
15454000.000000  0            12595994112  1048576 0  2308 2308 
15513000.000000  0            3608721920   1048576 0  2303 2303 
15532000.000000  0            16919181824  1048576 1  40642 40642 
15627000.000000  0            7937981952   1048576 0  2312 2312 
15711000.000000  0            26112774144  1048576 0  2326 2327 
15805000.000000  0            6605473792   1048576 0  2368 2368 
15849000.000000  0            270406628352 1048576 1  20692 20692 
15874000.000000  0            143027267072 1048576 0  2285 2286 
15909000.000000  0            4561945600   1048576 0  2575 2575 
15934000.000000  0            235723834880 1048576 0  25649 25649 
15953000.000000  0            57014043136  1048576 0  9050 9050 
15990000.000000  0            4561945600   1048576 0  2319 2320 
16087000.000000  0            9263907840   1048576 1  43908 43908 
16091000.000000  0            139659189248 1048576 0  66424 66424 
16128000.000000  0            270406628352 1048576 0  49212 49212 
16140000.000000  0            12398472192  1048576 0  39629 39629 
16219000.000000  0            23074418176  1048576 1  14269 14269 
16242000.000000  0            7044492800   1048576 0  2292 2292 
16329000.000000  0            11741059072  1048576 0  2591 2591 
16405000.000000  0            40997213696  1048576 0  2323 2323 
16415000.000000  0            39534480384  1048576 0  2286 2286 
16456000.000000  0            1417497088   1048576 0  2312 2312 
16527000.000000  0            14729501696  1048576 1  32760 32760 
16621000.000000  0            202710712320 1048576 0  2341 2341 
16642000.000000  0            9539780608   1048576 0  2318 2319 
16742000.000000  0            129738385408 1048576 0  2317 2318 
16766000.000000  0            90198067712  1048576 1  31447 31447 
16769000.000000  0            3608721920   1048576 0  30684 30685 
16779000.000000  0            2674682368   1048576 0  22908 22908 
16782000.000000  0            6605473792   1048576 0  22116 22116 
16806000.000000  0            15910675968  1048576 0  2495 2495 
16871000.000000  0            4599739392   1048576 0  2321 2321 
16935000.000000  0            5912753152   1048576 1  36353 36353 
16981000.000000  0            153962262528 1048576 0  2382 2382 
17076000.000000  0            12770960896  1048576 0  2368 2369 
17081000.000000  0            81789721088  1048576 0  2288 2288 
17089000.000000  0            141277854208 1048576 1  21841 21841 
17159000.000000  0            215276445184 1048576 0  2301 2302 
17227000.000000  0            9991228416   1048576 0  2413 2413 
17245000.000000  0            3783494144   1048576 0  2365 2365 
17291000.000000  0            2674682368   1048576 0  10612 10612 
17309000.000000  0            106113918976 1048576 0  2378 2379 
17327000.000000  0            14878165504  1048576 1  54740 54741 
17395000.000000  0            5525002752   1048576 0  13711 13711 
17453000.000000  0            4599739392   1048576 0  2403 2403 
17501000.000000  0            137610717184 1048576 0  2385 2386 
17589000.000000  0            139309009408 1048576 1  26271 26271 
17616000.000000  0            215233003008 1048576 0  20578 20578 
17656000.000000  0            12456550400  1048576 0  2368 2368 
17726000.000000  0            7094373888   1048576 0  2542 2542 
17823000.000000  0            16919181824  1048576 0  2733 2737 
17838000.000000  0            201318801920 1048576 0  2291 2292 
17909000.000000  0            1595006976   1048576 1  21692 21693 
18005000.000000  0            215233003008 1048576 0  2343 2343 
18095000.000000  0            81789721088  1048576 0  2333 2333 
18176000.000000  0            1595006976   1048576 0  2527 2527 
18194000.000000  0            211315234816 1048576 1  15617 15617 
18240000.000000  0            9991228416   1048576 0  2310 2310 
18322000.000000  0            4599739392   1048576 0  2334 2334 
18389000.000000  0            11377114624  1048576 0  2525 2525 
18476000.000000  0            5912753152   1048576 0  2572 2572 
18515000.000000  0            81789721088  1048576 0  2310 2310 
18613000.000000  0            14039704064  1048576 1  36503 36503 
18704000.000000  0            39534480384  1048576 0  2342 2342 
18801000.000000  0            2675287040   1048576 0  2327 2328 
18895000.000000  0            64385363456  1048576 0  18168 18169 
18945000.000000  0            109777190912 1048576 1  19468 19468 
19037000.000000  0            90198067712  1048576 0  24517 24517 
19048000.000000  0            253980951040 1048576 0  23763 23763 
19054000.000000  0            14450011648  1048576 0  20253 20253 
19135000.000000  0            6199938048   1048576 0  2326 2327 
19193000.000000  0            3608721920   1048576 0  2312 2312 
19228000.000000  0            7527663104   1048576 1  34991 34992 
19230000.000000  0            139309009408 1048576 0  56932 56932 
19265000.000000  0            141277854208 1048576 0  39662 39662 
19307000.000000  0            2675287040   1048576 0  2359 2359 
19330000.000000  0            22093590016  1048576 1  18061 18061 
19364000.000000  0            139309009408 1048576 0  2292 2292 
19432000.000000  0            206005338112 1048576 0  2322 2322 
19499000.000000  0            201318801920 1048576 0  2337 2338 
19558000.000000  0            12595994112  1048576 0  2290 2290 
19655000.000000  0            3408620032   1048576 0  16810 16810 
19670000.000000  0            15564798464  1048576 1  38781 38781 
19763000.000000  0            12398472192  1048576 0  2348 2348 
19769000.000000  0            7044492800   1048576 0  2350 2350 
19790000.000000  0            14061232128  1048576 0  16602 16603 
19869000.000000  0            137399126528 1048576 1  23206 23207 
19939000.000000  0            202710712320 1048576 0  2344 2344 
19947000.000000  0            14061232128  1048576 0  2309 2309 
19973000.000000  0            7527663104   1048576 0  2511 2511 
20052000.000000  0            11741059072  1048576 0  2314 2314 
20132000.000000  0            139309009408 1048576 0  2360 2361 
20182000.000000  0            16221182464  1048576 1  34171 34171 
20246000.000000  0            90198067712  1048576 0  2331 2331 
20247000.000000  0            90198067712  1048576 0  3550 3550 
20341000.000000  0            253980951040 1048576 0  2326 2326 
20409000.000000  0            24544963072  1048576 1  17718 17719 
20421000.000000  0            141277854208 1048576 0  7958 7958 
20457000.000000  0            57014043136  1048576 0  2298 2298 
20517000.000000  0            12398472192  1048576 0  2300 2300 
20562000.000000  0            139309009408 1048576 0  2291 2291 
20601000.000000  0            12595994112  1048576 0  2299 2299 
20638000.000000  0            10632489472  1048576 1  37288 37288 
20718000.000000  0            40997213696  1048576 0  2337 2338 
20789000.000000  0            7094373888   1048576 0  2326 2326 
20804000.000000  0            202710712320 1048576 0  2290 2290 
20838000.000000  0            161873698304 1048576 1  22506 22507 
20886000.000000  0            9539780608   1048576 0  2303 2303 
20894000.000000  0            201318801920 1048576 0  2341 2342 
20969000.000000  0            90198067712  1048576 0  2312 2312 
20997000.000000  0            246609991168 1048576 0  20627 20627 
21043000.000000  0            12456550400  1048576 0  2377 2378 
21133000.000000  0            10990518784  1048576 1  36267 36267 
21201000.000000  0            12595994112  1048576 0  2334 2334 
21272000.000000  0            3608721920   1048576 0  2382 2382 
21339000.000000  0            211315234816 1048576 0  27219 27219 
21411000.000000  0            201451617792 1048576 1  13752 13752 
21418000.000000  0            15910675968  1048576 0  9014 9015 
21507000.000000  0            57014043136  1048576 0  2325 2325 
21552000.000000  0            235723834880 1048576 0  16473 16474 
21595000.000000  0            39534480384  1048576 0  2366 2366 
21655000.000000  0            26112774144  1048576 0  21515 21515 
21682000.000000  0            15996729344  1048576 1  43619 43619 
21725000.000000  0            7937981952   1048576 0  17179 17179 
21732000.000000  0            135068773888 1048576 0  28717 28717 
21806000.000000  0            14878165504  1048576 0  2591 2591 
21836000.000000  0            108714569728 1048576 1  22528 22528 
21905000.000000  0            153962262528 1048576 0  9935 9935 
21970000.000000  0            7094373888   1048576 0  2333 2333 
22004000.000000  0            270406628352 1048576 0  52928 52928 
22095000.000000  0            108714569728 1048576 0  59293 59293 
22182000.000000  0            108714569728 1048576 0  2395 2395 
22215000.000000  0            11247915008  1048576 1  34288 34288 
22240000.000000  0            16221182464  1048576 0  11738 11738 
22293000.000000  0            97868932096  1048576 0  25385 25385 
22300000.000000  0            237147190784 1048576 0  35126 35126 
22324000.000000  0            98061358080  1048576 1  28501 28501 
22386000.000000  0            14680002048  1048576 0  22933 22933 
22428000.000000  0            135068773888 1048576 0  2370 2370 
22454000.000000  0            141277854208 1048576 0  2311 2311 
22456000.000000  0            141277854208 1048576 0  2515 2515 
22507000.000000  0            916228096    1048576 0  9880 9880 
22521000.000000  0            6287836672   1048576 1  36655 36655 
22591000.000000  0            190195284992 1048576 0  33786 33787 
22593000.000000  0            24544963072  1048576 0  57261 57261 
22646000.000000  0            7044492800   1048576 0  6685 6685 
22691000.000000  0            72250883584  1048576 1  15426 15426 
22715000.000000  0            15564798464  1048576 0  2503 2503 
22799000.000000  0            72250883584  1048576 0  74031 74031 
22848000.000000  0            10990518784  1048576 0  27638 27638 
22910000.000000  0            57014043136  1048576 0  2324 2324 
22947000.000000  0            129738385408 1048576 0  25462 25463 
23004000.000000  0            10565607424  1048576 1  29399 29399 
23102000.000000  0            23074418176  1048576 0  20831 20831 
23160000.000000  0            11377114624  1048576 0  7723 7723 
23213000.000000  0            4599739392   1048576 0  7326 7326 
23247000.000000  0            83679859200  1048576 1  23653 23653 
23260000.000000  0            14680002048  1048576 0  12871 12871 
23283000.000000  0            153962262528 1048576 0  2303 2303 
23360000.000000  0            109777190912 1048576 0  25773 25773 
23385000.000000  0            109777190912 1048576 0  3144 3145 
23465000.000000  0            7094373888   1048576 0  2311 2312 
23479000.000000  0            15102420992  1048576 1  36255 36255 
23485000.000000  0            3608721920   1048576 0  32498 32499 
23488000.000000  0            3608721920   1048576 0  31716 31716 
23573000.000000  0            246609991168 1048576 0  2323 2324 
23600000.000000  0            98187572224  1048576 1  24183 24183 
23642000.000000  0            206420599808 1048576 0  23224 23224 
23678000.000000  0            23074418176  1048576 0  2352 2353 
23741000.000000  0            3608721920   1048576 0  2368 2368 
23770000.000000  0            22093590016  1048576 0  19428 19428 
23798000.000000  0            206420599808 1048576 0  2363 2363 
23846000.000000  0            11868182528  1048576 1  32345 32345 
23881000.000000  0            215233003008 1048576 0  26632 26632 
23958000.000000  0            15102420992  1048576 0  2587 2587 
23974000.000000  0            14061232128  1048576 0  16646 16646 
24019000.000000  0            99748291584  1048576 1  18901 18901 
24087000.000000  0            40997213696  1048576 0  2306 2306 
24117000.000000  0            201451617792 1048576 0  23364 23364 
24122000.000000  0            14680002048  1048576 0  20769 20769 
24161000.000000  0            161873698304 1048576 0  16698 16698 
24183000.000000  0            11247915008  1048576 0  2571 2571 
24237000.000000  0            1085706752   1048576 1  34329 34329 
24283000.000000  0            24544963072  1048576 0  2305 2305 
24310000.000000  0            190195284992 1048576 0  2312 2312 
24383000.000000  0            12456550400  1048576 0  2317 2317 
24402000.000000  0            125366354944 1048576 1  19470 19470 
24492000.000000  0            141277854208 1048576 0  2310 2310 
24510000.000000  0            10990518784  1048576 0  2284 2284 
24583000.000000  0            11247915008  1048576 0  2291 2291 
24661000.000000  0            916228096    1048576 0  2291 2291 
24662000.000000  0            15996729344  1048576 0  3752 3752 
24666000.000000  0            15627752960  1048576 1  31136 31136 
24692000.000000  0            14729501696  1048576 0  14153 14153 
24769000.000000  0            1417497088   1048576 0  12087 12087 
24810000.000000  0            14680002048  1048576 0  2429 2429 
24837000.000000  0            17262786560  1048576 1  18290 18290 
24914000.000000  0            7044492800   1048576 0  2309 2309 
24948000.000000  0            11377114624  1048576 0  2328 2328 
25009000.000000  0            72250883584  1048576 0  2313 2313 
25089000.000000  0            253980951040 1048576 0  24720 24720 
25121000.000000  0            314445824    1048576 0  13130 13130 
25153000.000000  0            2349015040   1048576 1  40051 40052 
25239000.000000  0            4561945600   1048576 0  15563 15563 
25332000.000000  0            139659189248 1048576 0  26326 26326 
25420000.000000  0            12456550400  1048576 0  2420 2420 
25472000.000000  0            157159983104 1048576 1  18147 18147 
25528000.000000  0            108714569728 1048576 0  2356 2356 
25579000.000000  0            141277854208 1048576 0  2324 2324 
25672000.000000  0            23074418176  1048576 0  2386 2386 
25769000.000000  0            7527663104   1048576 0  24979 24979 
25860000.000000  0            14450011648  1048576 0  7715 7715 
25946000.000000  0            16675680768  1048576 1  45144 45144 
26002000.000000  0            12595994112  1048576 0  26495 26495 
26076000.000000  0            14039704064  1048576 0  7516 7516 
26095000.000000  0            6605473792   1048576 0  10628 10628 
26170000.000000  0            209133722112 1048576 1  24816 24816 
26254000.000000  0            9539780608   1048576 0  8342 8342 
26305000.000000  0            15627752960  1048576 0  2592 2592 
26396000.000000  0            10632489472  1048576 0  7586 7587 
26430000.000000  0            211315234816 1048576 0  23302 23302 
26487000.000000  0            253980951040 1048576 0  2385 2385 
26520000.000000  0            4296903680   1048576 1  28869 28869 
26615000.000000  0            24544963072  1048576 0  2313 2313 
26633000.000000  0            15564798464  1048576 0  7950 7950 
26713000.000000  0            2349015040   1048576 0  2672 2673 
26742000.000000  0            105972877312 1048576 1  17027 17027 
26776000.000000  0            14450011648  1048576 0  2304 2304 
26854000.000000  0            14878165504  1048576 0  8615 8615 
26940000.000000  0            6287836672   1048576 0  11330 11330 
27036000.000000  0            101689708544 1048576 0  25980 25980 
27102000.000000  0            72250883584  1048576 0  2421 2421 
27124000.000000  0            734506496    1048576 1  28927 28927 
27191000.000000  0            137399126528 1048576 0  22239 22239 
27200000.000000  0            83679859200  1048576 0  29994 29995 
27271000.000000  0            734506496    1048576 0  2582 2583 
27280000.000000  0            170196167168 1048576 1  23211 23211 
27333000.000000  0            101689708544 1048576 0  2300 2300 
27389000.000000  0            97868932096  1048576 0  16460 16460 
27417000.000000  0            15102420992  1048576 0  20462 20462 
27439000.000000  0            14729501696  1048576 0  2403 2403 
27525000.000000  0            209133722112 1048576 0  20820 20821 
27583000.000000  0            13519966720  1048576 1  39828 39828 
27664000.000000  0            14039704064  1048576 0  2314 2314 
27679000.000000  0            14680002048  1048576 0  7656 7656 
27711000.000000  0            105972877312 1048576 0  27792 27792 
27725000.000000  0            86937496064  1048576 1  32054 32054 
27788000.000000  0            14061232128  1048576 0  15446 15446 
27789000.000000  0            125366354944 1048576 0  40397 40397 
27884000.000000  0            7094373888   1048576 0  21675 21676 
27963000.000000  0            13519966720  1048576 0  2597 2597 
28025000.000000  0            99748291584  1048576 0  32830 32831 
28075000.000000  0            10332187648  1048576 1  44855 44855 
28126000.000000  0            14450011648  1048576 0  2303 2303 
28136000.000000  0            14729501696  1048576 0  2461 2461 
28200000.000000  0            190322951680 1048576 0  22560 22560 
28263000.000000  0            261875526144 1048576 1  18569 18569 
28337000.000000  0            7527663104   1048576 0  2327 2327 
28400000.000000  0            7094373888   1048576 0  2328 2328 
28414000.000000  0            22093590016  1048576 0  21020 21020 
28478000.000000  0            81789721088  1048576 0  22448 22448 
28514000.000000  0            17262786560  1048576 0  20090 20090 
28531000.000000  0            3338620928   1048576 1  26365 26366 
28578000.000000  0            10990518784  1048576 0  15248 15248 
28672000.000000  0            90198067712  1048576 0  21848 21848 
28706000.000000  0            9991228416   1048576 0  12511 12511 
28793000.000000  0            199746269184 1048576 1  32706 32706 
28862000.000000  0            261875526144 1048576 0  17579 17580 
28909000.000000  0            26112774144  1048576 0  21871 21871 
28912000.000000  0            129738385408 1048576 0  40531 40531 
29009000.000000  0            211315234816 1048576 0  2422 2422 
29092000.000000  0            3338620928   1048576 0  2539 2539 
29093000.000000  0            14674246144  1048576 1  41599 41599 
29110000.000000  0            6605473792   1048576 0  35823 35823 
29180000.000000  0            109552453120 1048576 0  18872 18872 
29195000.000000  0            6172426240   1048576 0  20136 20136 
29265000.000000  0            94096203264  1048576 1  24594 24595 
29299000.000000  0            109552453120 1048576 0  2290 2290 
29355000.000000  0            253980951040 1048576 0  2370 2371 
29454000.000000  0            137399126528 1048576 0  2317 2317 
29470000.000000  0            14061232128  1048576 0  2300 2300 
29501000.000000  0            39534480384  1048576 0  18497 18497 
29552000.000000  0            14298490368  1048576 1  36334 36334 
29596000.000000  0            16675680768  1048576 0  16321 16322 
29632000.000000  0            98278965760  1048576 0  26666 26666 
29660000.000000  0            14674246144  1048576 0  2571 2572 
29696000.000000  0            74349340160  1048576 1  17329 17329 
29773000.000000  0            215233003008 1048576 0  24383 24383 
29817000.000000  0            237147190784 1048576 0  23316 23317 
29900000.000000  0            202710712320 1048576 0  18537 18537 
29943000.000000  0            24544963072  1048576 0  21798 21798 
29982000.000000  0            5912753152   1048576 0  22214 22214 
30026000.000000  0            11193507328  1048576 1  32320 32320 
30107000.000000  0            14298490368  1048576 0  2500 2501 
30119000.000000  0            916228096    1048576 0  13438 13438 
30181000.000000  0            14450011648  1048576 0  2406 2406 
30273000.000000  0            98790525440  1048576 1  24635 24636 
30295000.000000  0            4296903680   1048576 0  25642 25642 
30309000.000000  0            105972877312 1048576 0  13919 13919 
30334000.000000  0            15910675968  1048576 0  6998 6999 
30398000.000000  0            201451617792 1048576 0  33433 33434 
30435000.000000  0            5525002752   1048576 0  17504 17504 
30446000.000000  0            11499212800  1048576 1  38019 38019 
30476000.000000  0            201451617792 1048576 0  10263 10264 
30488000.000000  0            22093590016  1048576 0  2246 2246 
30538000.000000  0            157159983104 1048576 0  25205 25206 
30563000.000000  0            112969421312 1048576 1  18319 18319 
30622000.000000  0            15627752960  1048576 0  24133 24134 
30679000.000000  0            99748291584  1048576 0  2437 2437 
30697000.000000  0            83679859200  1048576 0  24701 24702 
30706000.000000  0            11741059072  1048576 0  38709 38709 
30744000.000000  0            3608721920   1048576 0  9717 9717 
30822000.000000  0            7752815104   1048576 1  33493 33493 
30920000.000000  0            4296903680   1048576 0  2304 2304 
30998000.000000  0            11741059072  1048576 0  2379 2379 
31055000.000000  0            7527663104   1048576 0  6666 6666 
31118000.000000  0            83470616576  1048576 1  17501 17501 
31133000.000000  0            202710712320 1048576 0  4766 4766 
31173000.000000  0            1417497088   1048576 0  9599 9599 
31257000.000000  0            90198067712  1048576 0  2405 2405 
31333000.000000  0            11377114624  1048576 0  12197 12197 
31364000.000000  0            139659189248 1048576 0  34582 34582 
31391000.000000  0            711052288    1048576 1  46128 46128 
31477000.000000  0            125366354944 1048576 0  24707 24708 
31516000.000000  0            11868182528  1048576 0  17090 17091 
31613000.000000  0            4296903680   1048576 0  2464 2464 
31621000.000000  0            69418711552  1048576 1  18490 18490 
31699000.000000  0            69418711552  1048576 0  17191 17192 
31747000.000000  0            3608721920   1048576 0  2420 2420 
31842000.000000  0            141277854208 1048576 0  24828 24829 
31913000.000000  0            190195284992 1048576 0  23019 23020 
31956000.000000  0            11499212800  1048576 0  2581 2582 
32047000.000000  0            7558728704   1048576 1  43110 43110 
32123000.000000  0            74349340160  1048576 0  24945 24947 
32201000.000000  0            215276445184 1048576 0  23962 23962 
32241000.000000  0            261875526144 1048576 0  19935 19936 
32285000.000000  0            103906413568 1048576 1  19055 19056 
32370000.000000  0            40997213696  1048576 0  23224 23224 
32375000.000000  0            139659189248 1048576 0  20643 20643 
32400000.000000  0            83470616576  1048576 0  25870 25870 
32491000.000000  0            14061232128  1048576 0  2382 2382 
32531000.000000  0            157159983104 1048576 0  2313 2313 
32629000.000000  0            11889771008  1048576 1  45035 45035 
32658000.000000  0            15996729344  1048576 0  23463 23463 
32702000.000000  0            7752815104   1048576 0  2590 2590 
32752000.000000  0            137610717184 1048576 0  19724 19724 
32785000.000000  0            255863923200 1048576 1  23075 23075 
32795000.000000  0            14061232128  1048576 0  15304 15304 
32867000.000000  0            14729501696  1048576 0  16602 16602 
32922000.000000  0            3408620032   1048576 0  14336 14336 
32923000.000000  0            97868932096  1048576 0  31114 31114 
32948000.000000  0            201318801920 1048576 0  23380 23380 
32974000.000000  0            10911923712  1048576 1  38278 38278 
32997000.000000  0            5912753152   1048576 0  27346 27346 
33074000.000000  0            1417497088   1048576 0  2409 2409 
33093000.000000  0            3783494144   1048576 0  14629 14629 
33163000.000000  0            268804376064 1048576 1  18650 18650 
33183000.000000  0            161873698304 1048576 0  25022 25023 
33280000.000000  0            202710712320 1048576 0  2410 2410 
33316000.000000  0            253980951040 1048576 0  35349 35349 
33365000.000000  0            206420599808 1048576 0  22862 22862 
33462000.000000  0            13519966720  1048576 0  69663 69663 
33535000.000000  0            14271431168  1048576 1  45512 45512 
33619000.000000  0            235723834880 1048576 0  50093 50093 
33704000.000000  0            14061232128  1048576 0  2387 2387 
33774000.000000  0            1085706752   1048576 0  8404 8404 
33790000.000000  0            35681516544  1048576 1  16507 16507 
33862000.000000  0            7527663104   1048576 0  2486 2486 
33881000.000000  0            109552453120 1048576 0  23667 23667 
33940000.000000  0            14061232128  1048576 0  14092 14092 
33971000.000000  0            10911923712  1048576 0  2588 2588 
34047000.000000  0            90198067712  1048576 0  2337 2337 
34093000.000000  0            16619078144  1048576 1  45910 45910 
34098000.000000  0            39534480384  1048576 0  67091 67091 
34179000.000000  0            199746269184 1048576 0  20791 20791 
34273000.000000  0            64385363456  1048576 0  21806 21806 
34319000.000000  0            44349574144  1048576 1  21614 21615 
34350000.000000  0            253980951040 1048576 0  2301 2301 
34355000.000000  0            14061232128  1048576 0  2348 2348 
34451000.000000  0            108714569728 1048576 0  26338 26338 
34514000.000000  0            83470616576  1048576 0  2381 2381 
34554000.000000  0            15564798464  1048576 0  13553 13553 
34611000.000000  0            14123392512  1048576 1  36733 36733 
34680000.000000  0            86937496064  1048576 0  26829 26830 
34722000.000000  0            23074418176  1048576 0  19835 19835 
34769000.000000  0            81789721088  1048576 0  22573 22573 
34797000.000000  0            239647575552 1048576 1  17525 17526 
34845000.000000  0            202710712320 1048576 0  2310 2310 
34939000.000000  0            74349340160  1048576 0  2389 2389 
35002000.000000  0            7527663104   1048576 0  2437 2437 
35097000.000000  0            6287836672   1048576 0  21774 21774 
35119000.000000  0            135068773888 1048576 0  26640 26640 
35207000.000000  0            4253722624   1048576 1  32158 32158 
35267000.000000  0            9991228416   1048576 0  13532 13532 
35345000.000000  0            4296903680   1048576 0  12555 12555 
35424000.000000  0            13519966720  1048576 0  2413 2413 
35495000.000000  0            261415934464 1048576 1  24205 24205 
35508000.000000  0            11193507328  1048576 0  27799 27799 
35604000.000000  0            270406628352 1048576 0  18468 18468 
35692000.000000  0            39534480384  1048576 0  2388 2388 
35758000.000000  0            255863923200 1048576 0  16484 16484 
35779000.000000  0            206005338112 1048576 0  26688 26689 
35856000.000000  0            3043469312   1048576 1  40302 40302 
35916000.000000  0            235723834880 1048576 0  2407 2407 
36001000.000000  0            99748291584  1048576 0  33605 33605 
36034000.000000  0            86937496064  1048576 0  3005 3005 
36084000.000000  0            181939681792 1048576 1  19501 19501 
36174000.000000  0            3043469312   1048576 0  2522 2522 
36254000.000000  0            314445824    1048576 0  17507 17507 
36264000.000000  0            22093590016  1048576 0  27412 27412 
36335000.000000  0            7937981952   1048576 0  16189 16189 
36342000.000000  0            98061358080  1048576 0  34058 34058 
36365000.000000  0            753825792    1048576 1  47851 47851 
36420000.000000  0            261415934464 1048576 0  38828 38829 
36502000.000000  0            23074418176  1048576 0  2441 2441 
36565000.000000  0            201318801920 1048576 0  2320 2321 
36641000.000000  0            195226211840 1048576 1  17072 17072 
36690000.000000  0            11499212800  1048576 0  24374 24374 
36744000.000000  0            83470616576  1048576 0  2363 2363 
36821000.000000  0            14039704064  1048576 0  8564 8564 
36837000.000000  0            7044492800   1048576 0  13425 13425 
36857000.000000  0            108714569728 1048576 0  2385 2386 
36942000.000000  0            6234303488   1048576 1  41759 41759 
37004000.000000  0            3408620032   1048576 0  16038 16038 
37067000.000000  0            12595994112  1048576 0  8586 8586 
37125000.000000  0            74349340160  1048576 0  2372 2372 
37204000.000000  0            257901029888 1048576 1  18321 18321 
37281000.000000  0            16221182464  1048576 0  11567 11567 
37295000.000000  0            10990518784  1048576 0  17518 17518 
37343000.000000  0            213699545600 1048576 0  25153 25154 
37435000.000000  0            11193507328  1048576 0  2384 2385 
37525000.000000  0            711052288    1048576 0  11633 11633 
37542000.000000  0            15210641920  1048576 1  49332 49333 
37572000.000000  0            1085706752   1048576 0  33229 33229 
37597000.000000  0            137610717184 1048576 0  31037 31037 
37643000.000000  0            246609991168 1048576 0  20501 20502 
37678000.000000  0            204731609600 1048576 1  18202 18202 
37700000.000000  0            11889771008  1048576 0  9997 9998 
37799000.000000  0            16619078144  1048576 0  11265 11265 
37885000.000000  0            235723834880 1048576 0  2388 2388 
37924000.000000  0            10911923712  1048576 0  13792 13793 
38014000.000000  0            86937496064  1048576 0  2388 2388 
38088000.000000  0            9298535424   1048576 1  38381 38381 
38093000.000000  0            3408620032   1048576 0  35576 35577 
38123000.000000  0            14878165504  1048576 0  17504 17505 
38219000.000000  0            24544963072  1048576 0  23587 23587 
38220000.000000  0            32689687552  1048576 1  40424 40424 
38249000.000000  0            26112774144  1048576 0  33279 33280 
38311000.000000  0            35681516544  1048576 0  16695 16695 
38371000.000000  0            137610717184 1048576 0  2375 2376 
38456000.000000  0            711052288    1048576 0  2333 2333 
38525000.000000  0            201451617792 1048576 0  23684 23684 
38608000.000000  0            1965894144   1048576 1  36912 36912 
38625000.000000  0            261875526144 1048576 0  37435 37436 
38684000.000000  0            24544963072  1048576 0  2367 2367 
38713000.000000  0            1417497088   1048576 0  14924 14924 
38754000.000000  0            179182003712 1048576 1  20519 20519 
38808000.000000  0            14298490368  1048576 0  10263 10263 
38894000.000000  0            711052288    1048576 0  2405 2406 
38923000.000000  0            314445824    1048576 0  2323 2323 
38989000.000000  0            753825792    1048576 0  2534 2534 
39022000.000000  0            179182003712 1048576 0  19837 19837 
39041000.000000  0            6244500480   1048576 1  38012 38012 
39062000.000000  0            9263907840   1048576 0  25049 25050 
39105000.000000  0            270406628352 1048576 0  19224 19224 
39128000.000000  0            711052288    1048576 0  2371 2371 
39131000.000000  0            142555021312 1048576 1  17514 17514 
39173000.000000  0            204731609600 1048576 0  24740 24742 
39197000.000000  0            1965894144   1048576 0  3330 3330 
39218000.000000  0            10990518784  1048576 0  2318 2318 
39302000.000000  0            16675680768  1048576 0  22928 22928 
39364000.000000  0            143027267072 1048576 0  23255 23255 
39418000.000000  0            6664994304   1048576 1  33863 33863 
39487000.000000  0            14123392512  1048576 0  16080 16080 
39573000.000000  0            255863923200 1048576 0  24311 24311 
39590000.000000  0            16221182464  1048576 0  9768 9768 
39656000.000000  0            138698252800 1048576 1  16566 16567 
39703000.000000  0            181939681792 1048576 0  19083 19083 
39754000.000000  0            157159983104 1048576 0  20146 20146 
39804000.000000  0            35681516544  1048576 0  2375 2376 
39834000.000000  0            11741059072  1048576 0  11262 11262 
39899000.000000  0            16919181824  1048576 0  14390 14390 
39967000.000000  0            58961920     1048576 1  29549 29549 
40045000.000000  0            14271431168  1048576 0  16311 16311 
40059000.000000  0            14039704064  1048576 0  11475 11475 
40115000.000000  0            1417497088   1048576 0  2389 2389 
40190000.000000  0            133715915776 1048576 1  16685 16686 
40275000.000000  0            16619078144  1048576 0  2311 2311 
40356000.000000  0            106113918976 1048576 0  20969 20970 
40447000.000000  0            190195284992 1048576 0  17657 17657 
40542000.000000  0            14680002048  1048576 0  17870 17871 
40612000.000000  0            142555021312 1048576 0  27525 27525 
40630000.000000  0            13511406080  1048576 1  44597 44597 
40708000.000000  0            1085706752   1048576 0  7678 7679 
40758000.000000  0            2674682368   1048576 0  12396 12396 
40794000.000000  0            14298490368  1048576 0  2454 2455 
40845000.000000  0            63412294656  1048576 1  16183 16183 
40915000.000000  0            133715915776 1048576 0  20581 20581 
40936000.000000  0            734506496    1048576 0  12394 12395 
40956000.000000  0            6244500480   1048576 0  2643 2643 
41005000.000000  0            204731609600 1048576 0  2402 2402 
41007000.000000  0            190195284992 1048576 0  2812 2812 
41060000.000000  0            15022985216  1048576 1  51671 51671 
41104000.000000  0            15996729344  1048576 0  15785 15786 
41184000.000000  0            12456550400  1048576 0  8944 8944 
41265000.000000  0            10332187648  1048576 0  7867 7867 
41290000.000000  0            207935044608 1048576 1  25094 25094 
41331000.000000  0            204731609600 1048576 0  2305 2305 
41341000.000000  0            3043469312   1048576 0  22792 22792 
41353000.000000  0            11193507328  1048576 0  22411 22411 
41360000.000000  0            14061232128  1048576 0  29058 29058 
41414000.000000  0            12456550400  1048576 0  2389 2389 
41466000.000000  0            7407066112   1048576 1  39719 39719 
41537000.000000  0            7044492800   1048576 0  9196 9196 
41635000.000000  0            11377114624  1048576 0  74989 74989 
41700000.000000  0            24544963072  1048576 0  34327 34327 
41795000.000000  0            99147451904  1048576 1  14462 14462 
41859000.000000  0            14878165504  1048576 0  14034 14034 
41871000.000000  0            16619078144  1048576 0  4376 4376 
41882000.000000  0            23074418176  1048576 0  23900 23901 
41890000.000000  0            14039704064  1048576 0  18285 18285 
41894000.000000  0            14378417664  1048576 0  31341 31342 
41983000.000000  0            14141532160  1048576 1  47680 47681 
42041000.000000  0            133715915776 1048576 0  2327 2327 
42136000.000000  0            7752815104   1048576 0  6474 6474 
42166000.000000  0            94096203264  1048576 0  23332 23332 
42244000.000000  0            102408783360 1048576 1  19306 19306 
42274000.000000  0            15627752960  1048576 0  21234 21234 
42366000.000000  0            179182003712 1048576 0  27088 27088 
42424000.000000  0            3408620032   1048576 0  24267 24267 
42479000.000000  0            125366354944 1048576 0  19623 19623 
42568000.000000  0            6234303488   1048576 0  23656 23656 
42661000.000000  0            3785541120   1048576 1  40064 40064 
42674000.000000  0            734506496    1048576 0  29312 29312 
42734000.000000  0            14061232128  1048576 0  2308 2308 
42766000.000000  0            14680002048  1048576 0  2309 2309 
42799000.000000  0            214877541376 1048576 1  18508 18508 
42889000.000000  0            26112774144  1048576 0  18766 18767 
42961000.000000  0            83470616576  1048576 0  20283 20283 
43038000.000000  0            1085706752   1048576 0  2424 2424 
43061000.000000  0            90198067712  1048576 0  21191 21191 
43085000.000000  0            7527663104   1048576 0  17085 17085 
43105000.000000  0            3188283904   1048576 1  39601 39602 
43189000.000000  0            10332187648  1048576 0  2315 2316 
43205000.000000  0            209133722112 1048576 0  23489 23489 
43268000.000000  0            63412294656  1048576 0  17822 17822 
43360000.000000  0            137221475328 1048576 1  21686 21686 
43385000.000000  0            237147190784 1048576 0  20867 20868 
43472000.000000  0            12770960896  1048576 0  16537 16537 
43510000.000000  0            207935044608 1048576 0  18960 18960 
43574000.000000  0            16675680768  1048576 0  15249 15249 
43579000.000000  0            207935044608 1048576 0  12549 12549 
43586000.000000  0            7814427648   1048576 1  48285 48285 
43622000.000000  0            6234303488   1048576 0  14530 14530 
43688000.000000  0            106113918976 1048576 0  20151 20151 
43699000.000000  0            14271431168  1048576 0  24618 24618 
43774000.000000  0            156192297472 1048576 1  21401 21401 
43849000.000000  0            257901029888 1048576 0  22077 22077 
43852000.000000  0            246609991168 1048576 0  42432 42432 
43899000.000000  0            11889771008  1048576 0  11816 11816 
43962000.000000  0            3188283904   1048576 0  2615 2615 
43966000.000000  0            179182003712 1048576 0  2297 2298 
44007000.000000  0            12867009024  1048576 1  36955 36957 
44021000.000000  0            139659189248 1048576 0  60883 60883 
44112000.000000  0            11193507328  1048576 0  12636 12637 
44181000.000000  0            10911923712  1048576 0  7778 7778 
44255000.000000  0            41296710144  1048576 1  24372 24372 
44257000.000000  0            90198067712  1048576 0  24582 24582 
44305000.000000  0            35681516544  1048576 0  22833 22834 
44327000.000000  0            4561945600   1048576 0  21666 21666 
44354000.000000  0            215276445184 1048576 0  21766 21767 
44437000.000000  0            235723834880 1048576 0  18301 18302 
44478000.000000  0            12658799616  1048576 1  42812 42812 
44540000.000000  0            14271431168  1048576 0  2370 2370 
44576000.000000  0            9263907840   1048576 0  9488 9488 
44591000.000000  0            12595994112  1048576 0  9827 9827 
44596000.000000  0            198030490112 1048576 1  27247 27247 
44603000.000000  0            10990518784  1048576 0  34101 34101 
44635000.000000  0            268804376064 1048576 0  21633 21633 
44650000.000000  0            213699545600 1048576 0  32729 32729 
44741000.000000  0            711052288    1048576 0  9850 9850 
44822000.000000  0            14450011648  1048576 0  9376 9376 
44905000.000000  0            10401796608  1048576 1  36081 36081 
44967000.000000  0            137399126528 1048576 0  14218 14218 
45024000.000000  0            12770960896  1048576 0  2390 2390 
45089000.000000  0            202710712320 1048576 0  20538 20538 
45093000.000000  0            53904508416  1048576 1  34275 34275 
45106000.000000  0            137399126528 1048576 0  23517 23517 
45150000.000000  0            3338620928   1048576 0  12544 12544 
45230000.000000  0            53904508416  1048576 0  24169 24169 
45322000.000000  0            108714569728 1048576 0  21825 21825 
45355000.000000  0            24544963072  1048576 0  21564 21565 
45422000.000000  0            1316249088   1048576 1  31244 31244 
45434000.000000  0            1316249088   1048576 0  21675 21676 
45454000.000000  0            9298535424   1048576 0  15945 15946 
45495000.000000  0            6234303488   1048576 0  2413 2413 
45564000.000000  0            137603099648 1048576 1  17151 17151 
45613000.000000  0            97868932096  1048576 0  23666 23666 
45703000.000000  0            4561945600   1048576 0  2389 2389 
45721000.000000  0            12398472192  1048576 0  11503 11504 
45769000.000000  0            94096203264  1048576 0  22427 22427 
45835000.000000  0            98790525440  1048576 0  21292 21292 
45900000.000000  0            12367330816  1048576 1  40702 40702 
45990000.000000  0            11741059072  1048576 0  15940 15940 
46047000.000000  0            12595994112  1048576 0  2408 2409 
46086000.000000  0            11193507328  1048576 0  2337 2337 
46128000.000000  0            232223738880 1048576 1  17347 17347 
46153000.000000  0            139659189248 1048576 0  2311 2311 
46181000.000000  0            98790525440  1048576 0  2306 2306 
46192000.000000  0            12398472192  1048576 0  2343 2343 
46281000.000000  0            207935044608 1048576 0  17234 17234 
46300000.000000  0            14141532160  1048576 0  13985 13985 
46388000.000000  0            435069952    1048576 1  46446 46446 
46398000.000000  0            103906413568 1048576 0  60035 60035 
46421000.000000  0            90198067712  1048576 0  39427 39427 
46426000.000000  0            11889771008  1048576 0  36645 36647 
46455000.000000  0            43604568064  1048576 1  23767 23767 
46464000.000000  0            3338620928   1048576 0  17008 17008 
46530000.000000  0            137603099648 1048576 0  20832 20833 
46560000.000000  0            215276445184 1048576 0  2398 2398 
46595000.000000  0            14061232128  1048576 0  21604 21604 
46662000.000000  0            14039704064  1048576 0  10636 10636 
46708000.000000  0            3251004416   1048576 1  36805 36805 
46722000.000000  0            3608721920   1048576 0  35435 35435 
46756000.000000  0            435069952    1048576 0  3968 3969 
46790000.000000  0            190195284992 1048576 0  25983 25983 
46825000.000000  0            227617428480 1048576 1  17738 17738 
46867000.000000  0            14674246144  1048576 0  16112 16112 
46944000.000000  0            1417497088   1048576 0  11551 11551 
46968000.000000  0            15022985216  1048576 0  12739 12740 
47054000.000000  0            201451617792 1048576 0  33354 33354 
47100000.000000  0            207935044608 1048576 0  2360 2360 
47132000.000000  0            2295689728   1048576 1  37105 37106 
47227000.000000  0            190322951680 1048576 0  19423 19423 
47276000.000000  0            10565607424  1048576 0  8275 8276 
47312000.000000  0            156192297472 1048576 0  31778 31778 
47366000.000000  0            223968067584 1048576 1  20945 20945 
47438000.000000  0            1085706752   1048576 0  20317 20317 
47527000.000000  0            4253722624   1048576 0  12554 12554 
47598000.000000  0            211315234816 1048576 0  26372 26372 
47611000.000000  0            9991228416   1048576 0  31042 31042 
47655000.000000  0            11499212800  1048576 0  16162 16163 
47679000.000000  0            5275832320   1048576 1  26311 26312 
47727000.000000  0            72250883584  1048576 0  19509 19509 
47782000.000000  0            97868932096  1048576 0  2376 2376 
47842000.000000  0            12456550400  1048576 0  13316 13316 
47916000.000000  0            95995345920  1048576 1  25058 25059 
47958000.000000  0            261875526144 1048576 0  25734 25734 
48023000.000000  0            15627752960  1048576 0  11505 11505 
48030000.000000  0            137221475328 1048576 0  23845 23845 
48113000.000000  0            1417497088   1048576 0  2388 2389 
48161000.000000  0            10632489472  1048576 0  15658 15658 
48162000.000000  0            75461632     1048576 1  67017 67017 
48226000.000000  0            3783494144   1048576 0  12382 12382 
48267000.000000  0            201451617792 1048576 0  2378 2378 
48331000.000000  0            257901029888 1048576 0  25145 25146 
48370000.000000  0            211815562752 1048576 1  14879 14879 
48441000.000000  0            16619078144  1048576 0  15000 15001 
48496000.000000  0            14123392512  1048576 0  7305 7305 
48578000.000000  0            4296903680   1048576 0  13986 13986 
48606000.000000  0            190322951680 1048576 0  2417 2417 
48679000.000000  0            129738385408 1048576 0  19815 19815 
48680000.000000  0            5451836416   1048576 1  50873 50873 
48736000.000000  0            235723834880 1048576 0  43843 43844 
48797000.000000  0            206005338112 1048576 0  22384 22385 
48873000.000000  0            10632489472  1048576 0  2387 2388 
48960000.000000  0            211114904576 1048576 1  19208 19208 
49046000.000000  0            11193507328  1048576 0  15206 15206 
49090000.000000  0            14271431168  1048576 0  11669 11669 
49132000.000000  0            257901029888 1048576 0  2407 2407 
49231000.000000  0            10332187648  1048576 0  8612 8613 
49257000.000000  0            268804376064 1048576 0  35180 35180 
49301000.000000  0            17050991104  1048576 1  39367 39367 
49360000.000000  0            15564798464  1048576 0  17274 17274 
49404000.000000  0            16919181824  1048576 0  11294 11294 
49487000.000000  0            7814427648   1048576 0  16074 16074 
49582000.000000  0            239657864192 1048576 1  22057 22057 
49660000.000000  0            246609991168 1048576 0  23851 23852 
49704000.000000  0            141277854208 1048576 0  22779 22779 
49756000.000000  0            3251004416   1048576 0  18109 18109 
49783000.000000  0            112969421312 1048576 0  18842 18842 
49877000.000000  0            7937981952   1048576 0  19652 19652 
49904000.000000  0            8624892416   1048576 1  38099 38099 
49916000.000000  0            10565607424  1048576 0  37231 37231 
49922000.000000  0            58961920     1048576 0  67582 67582 
49956000.000000  0            9263907840   1048576 0  47702 47702 
50021000.000000  0            178274780672 1048576 1  16860 16860 
50051000.000000  0            204731609600 1048576 0  23227 23227 
50131000.000000  0            15996729344  1048576 0  9075 9075 
50183000.000000  0            10911923712  1048576 0  15958 15958 
50209000.000000  0            202710712320 1048576 0  17735 17735 
50268000.000000  0            5451836416   1048576 0  2597 2597 
50335000.000000  0            2436566528   1048576 1  36893 36894 
50389000.000000  0            190322951680 1048576 0  2353 2353 
50482000.000000  0            206005338112 1048576 0  2558 2559 
50554000.000000  0            10990518784  1048576 0  13017 13017 
50569000.000000  0            73280102400  1048576 1  23011 23012 
50651000.000000  0            14141532160  1048576 0  17598 17598 
50711000.000000  0            161873698304 1048576 0  25856 25857 
50800000.000000  0            11377114624  1048576 0  10550 10550 
50892000.000000  0            143027267072 1048576 0  33992 33992 
50922000.000000  0            3608721920   1048576 0  19487 19488 
51010000.000000  0            10620321792  1048576 1  26877 26877 
51064000.000000  0            14123392512  1048576 0  2367 2367 
51146000.000000  0            7044492800   1048576 0  12468 12469 
51196000.000000  0            4561945600   1048576 0  15708 15708 
51263000.000000  0            179530416640 1048576 1  23660 23660 
51286000.000000  0            6664994304   1048576 0  14729 14729 
51336000.000000  0            916228096    1048576 0  7678 7678 
51403000.000000  0            15102420992  1048576 0  14963 14963 
51411000.000000  0            239657864192 1048576 0  25246 25246 
51456000.000000  0            179530416640 1048576 0  17745 17745 
51486000.000000  0            2754980864   1048576 1  39733 39733 
51491000.000000  0            11868182528  1048576 0  49254 49255 
51492000.000000  0            753825792    1048576 0  60703 60703 
51573000.000000  0            81789721088  1048576 0  34992 34992 
51601000.000000  0            82596742656  1048576 1  29177 29178 
51622000.000000  0            2754980864   1048576 0  10609 10609 
51652000.000000  0            215233003008 1048576 0  18838 18838 
51659000.000000  0            103906413568 1048576 0  36620 36620 
51680000.000000  0            198030490112 1048576 0  33086 33086 
51688000.000000  0            214877541376 1048576 0  45888 45888 
51749000.000000  0            782253568    1048576 1  51082 51082 
51761000.000000  0            99147451904  1048576 0  58108 58108 
51786000.000000  0            7094373888   1048576 0  70077 70077 
51830000.000000  0            782253568    1048576 0  28621 28621 
51923000.000000  0            45127898624  1048576 1  20950 20950 
51957000.000000  0            209133722112 1048576 0  20853 20854 
52053000.000000  0            3785541120   1048576 0  8628 8629 
52072000.000000  0            72250883584  1048576 0  19138 19139 
52078000.000000  0            45127898624  1048576 0  32545 32545 
52103000.000000  0            125366354944 1048576 0  27979 27979 
52193000.000000  0            8071513600   1048576 1  41700 41700 
52225000.000000  0            7527663104   1048576 0  17771 17771 
52325000.000000  0            16221182464  1048576 0  8052 8052 
52341000.000000  0            139659189248 1048576 0  27972 27972 
52391000.000000  0            213554931712 1048576 1  16825 16825 
52491000.000000  0            190195284992 1048576 0  24105 24106 
52527000.000000  0            3785541120   1048576 0  2368 2368 
52575000.000000  0            3785541120   1048576 0  2322 2323 
52668000.000000  0            5275832320   1048576 0  13447 13447 
52682000.000000  0            6605473792   1048576 0  12885 12886 
52747000.000000  0            14146905600  1048576 1  35562 35562 
52780000.000000  0            17262786560  1048576 0  46210 46210 
52805000.000000  0            15910675968  1048576 0  41553 41553 
52812000.000000  0            3783494144   1048576 0  41901 41902 
52876000.000000  0            32855922688  1048576 1  25804 25804 
52903000.000000  0            198030490112 1048576 0  2270 2270 
52904000.000000  0            129738385408 1048576 0  19000 19000 
52914000.000000  0            141277854208 1048576 0  33614 33614 
52921000.000000  0            11377114624  1048576 0  28991 28991 
52995000.000000  0            12658799616  1048576 0  23422 23422 
53091000.000000  0            2110575616   1048576 1  42493 42493 
53120000.000000  0            10911923712  1048576 0  28858 28858 
53204000.000000  0            63412294656  1048576 0  25178 25178 
53304000.000000  0            16619078144  1048576 0  8303 8303 
53394000.000000  0            203555033600 1048576 1  21858 21859 
53434000.000000  0            16675680768  1048576 0  8315 8315 
53515000.000000  0            3188283904   1048576 0  13555 13555 
53596000.000000  0            239657864192 1048576 0  2402 2403 
53671000.000000  0            12595994112  1048576 0  10333 10334 
53674000.000000  0            2349015040   1048576 0  14199 14199 
53764000.000000  0            12827523072  1048576 1  38196 38196 
53859000.000000  0            7752815104   1048576 0  12814 12814 
53879000.000000  0            125366354944 1048576 0  2353 2353 
53935000.000000  0            7527663104   1048576 0  2309 2309 
53947000.000000  0            163307229184 1048576 1  23029 23029 
53985000.000000  0            98790525440  1048576 0  18636 18636 
54060000.000000  0            14298490368  1048576 0  9456 9457 
54103000.000000  0            227617428480 1048576 0  20218 20218 
54138000.000000  0            17050991104  1048576 0  17599 17599 
54163000.000000  0            75461632     1048576 0  15106 15107 
54250000.000000  0            824044544    1048576 1  52545 52545 
54305000.000000  0            202710712320 1048576 0  25513 25514 
54311000.000000  0            9263907840   1048576 0  37287 37287 
54351000.000000  0            5525002752   1048576 0  11770 11771 
54399000.000000  0            33536254976  1048576 1  24883 24883 
54498000.000000  0            7937981952   1048576 0  14168 14169 
54532000.000000  0            213699545600 1048576 0  23854 23854 
54613000.000000  0            161873698304 1048576 0  16924 16924 
54632000.000000  0            98278965760  1048576 0  20558 20558 
54703000.000000  0            5912753152   1048576 0  24203 24203 
54783000.000000  0            6056041984   1048576 1  40346 40346 
54793000.000000  0            257901029888 1048576 0  54946 54946 
54852000.000000  0            2754980864   1048576 0  24118 24118 
54929000.000000  0            9298535424   1048576 0  12738 12738 
55012000.000000  0            24817557504  1048576 1  16699 16699 
55090000.000000  0            95995345920  1048576 0  21605 21605 
55175000.000000  0            15022985216  1048576 0  13263 13263 
55214000.000000  0            35681516544  1048576 0  20451 20451 
55273000.000000  0            137399126528 1048576 0  24518 24518 
55358000.000000  0            190195284992 1048576 0  16706 16706 
55377000.000000  0            12241264640  1048576 1  34539 34539 
55471000.000000  0            133715915776 1048576 0  81555 81557 
55475000.000000  0            125366354944 1048576 0  80100 80100 
55555000.000000  0            2110575616   1048576 0  2532 2532 
55582000.000000  0            21191029248  1048576 1  20876 20877 
55629000.000000  0            95995345920  1048576 0  2303 2303 
55648000.000000  0            1316249088   1048576 0  8646 8647 
55661000.000000  0            12827523072  1048576 0  2594 2594 
55726000.000000  0            63412294656  1048576 0  2414 2414 
55754000.000000  0            35681516544  1048576 0  2348 2349 
55809000.000000  0            15278293504  1048576 1  47910 47911 
55874000.000000  0            3785541120   1048576 0  20495 20495 
55884000.000000  0            239657864192 1048576 0  12809 12809 
55936000.000000  0            57014043136  1048576 0  34890 34890 
56005000.000000  0            233467187200 1048576 1  21662 21662 
56101000.000000  0            11741059072  1048576 0  8854 8854 
56132000.000000  0            257901029888 1048576 0  2394 2394 
56155000.000000  0            2436566528   1048576 0  15285 15285 
56193000.000000  0            15910675968  1048576 0  14837 14837 
56195000.000000  0            9991228416   1048576 0  25843 25843 
56222000.000000  0            14935875072  1048576 1  39167 39167 
56290000.000000  0            81789721088  1048576 0  33825 33826 
56330000.000000  0            270406628352 1048576 0  22078 22078 
56361000.000000  0            15210641920  1048576 0  12359 12360 
56441000.000000  0            97046786560  1048576 1  19415 19415 
56475000.000000  0            190322951680 1048576 0  22479 22480 
56492000.000000  0            6664994304   1048576 0  26252 26252 
56591000.000000  0            125366354944 1048576 0  2386 2386 
56617000.000000  0            8624892416   1048576 0  16673 16673 
56710000.000000  0            753825792    1048576 0  10048 10049 
56797000.000000  0            9498614784   1048576 1  46471 46471 
56818000.000000  0            99748291584  1048576 0  46540 46540 
56865000.000000  0            108714569728 1048576 0  17571 17572 
56946000.000000  0            11868182528  1048576 0  12443 12443 
56969000.000000  0            76274599424  1048576 1  25599 25600 
56999000.000000  0            12595994112  1048576 0  13514 13515 
57073000.000000  0            97868932096  1048576 0  22139 22139 
57089000.000000  0            24544963072  1048576 0  26945 26946 
57137000.000000  0            135068773888 1048576 0  22530 22530 
57146000.000000  0            3408620032   1048576 0  21678 21678 
57214000.000000  0            9280705536   1048576 1  43165 43165 
57282000.000000  0            2675287040   1048576 0  16682 16682 
57332000.000000  0            4561945600   1048576 0  10286 10287 
57422000.000000  0            139309009408 1048576 0  33051 33053 
57514000.000000  0            73978368512  1048576 1  15069 15070 
57518000.000000  0            161873698304 1048576 0  31737 31738 
57522000.000000  0            137221475328 1048576 0  53823 53823 
57557000.000000  0            7044492800   1048576 0  43093 43094 
