601166131 410
1201545701 613
1801577000 718
2401690000 769
3001756002 796
3602060992 833
4202085000 837
4804517799 846
5404589001 840
6006396504 847
6607990970 847
7208017001 868
7808141001 864
8411861920 857
9013735838 877
9616959024 891
10218488072 882
10820395194 883
11422468119 887
12022907206 903
12624679518 904
13224685001 903
13825030806 902
14427663164 908
15027694001 902
15627751001 897
16227798002 898
16827896000 895
17430771166 889
18030782001 892
18630800001 883
19232956175 895
19836811567 899
20436857000 903
21040835558 896
21642407580 892
22243995793 889
22847789334 897
23451209625 902
24054533423 902
24655005003 885
25256508665 883
25856582000 895
26456669001 903
27056734001 911
27656925276 888
28257820478 878
