600062001 546
1200110001 799
1800223001 919
2400256001 973
3000297002 994
3600383002 1013
4200385000 1020
4800476001 1022
5400571002 1024
6000601001 1024
6600633001 1024
7201007500 943
7801032573 828
8402555390 728
9002670633 655
9602989077 643
10203004284 673
10803008023 763
11403049947 912
12003074659 997
12603120001 1020
13203154002 1023
13803260001 1025
14404742005 940
15004832110 871
15604856907 815
16205351347 764
16806016675 752
17406091656 738
18006175771 775
18606211548 838
19206303876 898
19806319409 980
20406334148 1017
21006361001 1005
21606443629 942
22206951824 887
22807329535 842
23407904607 805
24007986331 786
24608642415 770
25208707599 792
25808740799 830
26408794082 870
27009443435 935
27609453116 991
28209504002 999
