600062002 525
1200110001 773
1800223001 899
2400256001 954
3000297001 979
3600383000 996
4200385000 1003
4800476002 1007
5400571002 1015
6001488126 1008
6601527000 1013
7203515573 967
7804928276 907
8409686817 865
9062051612 831
9664166844 810
10265804778 772
10867666186 772
11495942147 785
12096412632 786
12699399845 832
13299416929 850
13901251699 890
14502540673 925
15102790263 973
15705280812 990
16305301343 976
16905793691 942
17506337980 911
18122825373 892
18723251598 868
19347602867 860
19947644832 854
20549412784 844
21149420697 856
21749816556 873
22355033344 904
22971054134 895
23571116444 892
24171842777 918
24771933326 914
25372295262 944
25986942214 956
26591907069 959
27191941003 951
27791982582 935
28397792726 924
28998219792 915
29598263604 889
30199634060 883
30802681576 873
31402757788 879
32022921073 901
32622924071 895
33223264593 903
33826439590 900
34426452574 901
35028153654 915
35628157067 918
36236944236 921
36836999777 912
37454072236 937
38055745061 937
38655752171 933
39255767974 929
39868407256 928
40473479171 921
