601938028 399
1202283584 603
1802458676 710
2402499001 765
3004353043 797
3606198743 837
4206211001 839
4807794833 846
5411230528 844
6012630504 848
6612662001 852
7213763388 860
7813850000 852
8413913049 849
9017515659 881
9617605002 894
10221428532 882
10821454001 885
11423628030 889
12023634000 899
12627621788 896
13227691000 896
13827734001 897
14431412079 906
15031600619 899
15631662001 886
16231747000 889
16835073090 887
17436702287 889
18036781002 892
18639229971 879
19242638608 892
19844667967 899
20444724000 898
21045877193 892
21645882001 880
22250423244 889
22852478164 888
23452567000 896
24054474365 906
24656250729 891
25258591179 888
25861397855 890
26464641578 892
27064745000 908
27667814189 886
28270664285 869
