601839350 463
1202784680 686
1803333492 799
2403422001 847
3003505000 872
3603569001 884
4203645002 893
4803657000 906
5403711001 904
6005651240 905
6605676001 898
7205793000 899
7806009383 907
8406031001 905
9006516791 917
9606564000 914
10206673000 903
10806733001 916
11406796000 917
12008596871 916
12609977841 912
13210014001 915
13810028001 908
14411417364 914
15012412443 916
15614237558 909
16214842433 908
16814932000 905
17414949000 912
18015043001 917
18615050000 921
19215090001 916
19817053430 903
20417088001 908
21017188001 904
21617279001 893
22218510443 904
22818563002 902
23418664000 903
24018732000 913
24620399408 916
25220442001 913
25820473000 908
26420499000 906
27021935566 907
27621995001 903
28222067001 903
