600062001 546
1200110001 799
1800223002 919
2400256001 973
3000297002 994
3600383000 1013
4200385000 1020
4800476002 1022
5400571003 1024
6000601001 1024
6600633001 1024
7201555170 943
7801664143 829
8401681992 728
9002015819 659
9602033431 642
10202058436 668
10802198989 757
11402258621 891
12002280435 990
12602281001 1020
13202357001 1023
13802392000 1024
14402761145 938
15002816674 870
15602881063 814
16203860884 762
16804336505 746
17405986152 749
18005992088 779
18606069154 854
19206079789 911
19806146851 985
20406155991 1017
21006241000 1006
21606263452 942
22207589173 886
22808093806 843
23408802321 807
24009287127 776
24609364907 769
25209913426 782
25809916974 830
26411194208 869
27011211241 920
27611615998 991
28211640001 998
