600000001 435
1200006492 679
1800100001 800
2400100003 864
3000200001 906
3600300001 928
4200400001 941
4800500001 951
5400500002 954
6000600002 956
6600700001 959
7200800001 960
7800900001 960
8401000001 960
9001100001 960
9601100002 960
10201200001 960
10801300001 960
11401400002 960
12001500001 960
12601600001 960
13201700001 960
13801800001 960
14401800002 960
15001900002 960
15602000001 960
16202100001 960
16802100002 960
17402200001 960
18002213811 864
18604267483 768
19204312793 700
19805747293 641
20407518674 607
21007524898 608
21607569249 659
22207589777 751
22807620752 891
23407700001 948
24007700002 949
24607800001 955
25207900001 957
25808000001 960
26408100001 960
27008200001 960
27608200002 960
28208300001 960
28808400001 960
29408500001 960
30008600001 960
30608700001 960
31208800001 960
31808800002 960
32408900001 960
33009000001 960
33609100001 960
34209200001 960
34809300001 960
35409344212 909
36011151141 838
