600000001 352
1200051818 554
1800100001 671
2400105875 736
3000200002 756
3600279910 766
4200300002 786
4800319372 801
5400400002 825
6000488986 823
6600500002 822
7200570889 831
7800600008 834
8400626812 824
9000675690 833
9600726123 837
10200800002 834
10800824819 834
11400900001 838
12000991695 838
12601000001 837
13201027995 837
13801100001 838
14401100004 848
15001200001 865
15601200003 876
16201300002 896
16801400002 898
17401500001 914
18001504764 932
18601600001 946
19201700001 944
19801700002 952
20401700003 947
21001800001 953
21601803018 959
22201826037 941
22801836335 943
23401900001 929
24001951710 905
24601952992 878
25201974596 857
25802000001 853
26402031888 863
27002100001 889
27602133098 913
28202200001 932
28802211107 941
29402300001 943
30002314024 951
30602400001 944
31203266043 909
31803300001 876
32403741269 870
33003800001 863
33603900002 874
34203905930 880
34805253539 893
35405300001 900
